<?xml version="1.0" encoding="UTF-8"?>
<!-- Generated by org.testng.reporters.JUnitReportReporter -->
<testsuite hostname="DESKTOP-E50KO68" failures="0" tests="1" name="com.laptrinhjavaweb.testng.RoleTest" time="2.793" errors="0" timestamp="8 Jun 2022 04:28:50 GMT">
  <testcase classname="com.laptrinhjavaweb.testng.RoleTest" name="CheckFindAll" time="2.793"/>
</testsuite> <!-- com.laptrinhjavaweb.testng.RoleTest -->
